<?xml version="1.0" encoding="UTF-8"?>
<!-- Generated by org.testng.reporters.JUnitReportReporter -->
<testsuite skipped="3" hostname="BGLRT4800300" name="SeleniumAssignment.Screenshot_testcase13" tests="4" failures="0" timestamp="04 May 2021 16:18:19 GMT" time="2.339" errors="1">
  <testcase name="BrowserOpen" time="2.339" classname="SeleniumAssignment.Screenshot_testcase13">
    <error type="java.lang.NullPointerException">
      <![CDATA[java.lang.NullPointerException
at SeleniumAssignment.Screenshot_testcase13.BrowserOpen(Screenshot_testcase13.java:26)
at sun.reflect.NativeMethodAccessorImpl.invoke0(Native Method)
at sun.reflect.NativeMethodAccessorImpl.invoke(Unknown Source)
at sun.reflect.DelegatingMethodAccessorImpl.invoke(Unknown Source)
at java.lang.reflect.Method.invoke(Unknown Source)
at org.testng.internal.MethodInvocationHelper.invokeMethod(MethodInvocationHelper.java:124)
at org.testng.internal.MethodInvocationHelper.invokeMethodConsideringTimeout(MethodInvocationHelper.java:59)
at org.testng.internal.Invoker.invokeConfigurationMethod(Invoker.java:458)
at org.testng.internal.Invoker.invokeConfigurations(Invoker.java:222)
at org.testng.internal.Invoker.invokeConfigurations(Invoker.java:142)
at org.testng.TestRunner.beforeRun(TestRunner.java:529)
at org.testng.TestRunner.run(TestRunner.java:497)
at org.testng.SuiteRunner.runTest(SuiteRunner.java:455)
at org.testng.SuiteRunner.runSequentially(SuiteRunner.java:450)
at org.testng.SuiteRunner.privateRun(SuiteRunner.java:415)
at org.testng.SuiteRunner.run(SuiteRunner.java:364)
at org.testng.SuiteRunnerWorker.runSuite(SuiteRunnerWorker.java:52)
at org.testng.SuiteRunnerWorker.run(SuiteRunnerWorker.java:84)
at org.testng.TestNG.runSuitesSequentially(TestNG.java:1208)
at org.testng.TestNG.runSuitesLocally(TestNG.java:1137)
at org.testng.TestNG.runSuites(TestNG.java:1049)
at org.testng.TestNG.run(TestNG.java:1017)
at org.testng.remote.AbstractRemoteTestNG.run(AbstractRemoteTestNG.java:114)
at org.testng.remote.RemoteTestNG.initAndRun(RemoteTestNG.java:251)
at org.testng.remote.RemoteTestNG.main(RemoteTestNG.java:77)
]]>
    </error>
  </testcase> <!-- BrowserOpen -->
  <testcase name="Login" time="0.000" classname="SeleniumAssignment.Screenshot_testcase13">
    <skipped/>
  </testcase> <!-- Login -->
  <testcase name="Search" time="0.000" classname="SeleniumAssignment.Screenshot_testcase13">
    <skipped/>
  </testcase> <!-- Search -->
  <testcase name="Screenshot" time="0.000" classname="SeleniumAssignment.Screenshot_testcase13">
    <skipped/>
  </testcase> <!-- Screenshot -->
</testsuite> <!-- SeleniumAssignment.Screenshot_testcase13 -->
