<?xml version="1.0" encoding="UTF-8"?>
<!-- Generated by org.testng.reporters.JUnitReportReporter -->
<testsuite skipped="0" hostname="BGLRT4800300" name="TestNg.LearnTestNg" tests="3" failures="0" timestamp="03 May 2021 18:16:06 GMT" time="5.266" errors="0">
  <testcase name="Login" time="4.578" classname="TestNg.LearnTestNg"/>
  <testcase name="TITLE" time="0.663" classname="TestNg.LearnTestNg"/>
  <testcase name="Heading" time="0.025" classname="TestNg.LearnTestNg"/>
</testsuite> <!-- TestNg.LearnTestNg -->
