<?xml version="1.0" encoding="UTF-8"?>
<!-- Generated by org.testng.reporters.JUnitReportReporter -->
<testsuite skipped="0" hostname="BGLRT4800300" name="SeleniumAssignment.Openbrowserbeforesuite" tests="1" failures="0" timestamp="04 May 2021 15:43:22 GMT" time="0.005" errors="0">
  <testcase name="beforeSuiteTest" time="0.005" classname="SeleniumAssignment.Openbrowserbeforesuite"/>
</testsuite> <!-- SeleniumAssignment.Openbrowserbeforesuite -->
