<?xml version="1.0" encoding="UTF-8"?>
<!-- Generated by org.testng.reporters.JUnitReportReporter -->
<testsuite skipped="0" hostname="BGLRT4800300" name="SeleniumAssignment.LoginUsingTest_testcase7" tests="1" failures="0" timestamp="04 May 2021 15:46:59 GMT" time="6.978" errors="0">
  <testcase name="StartTestStep2" time="6.978" classname="SeleniumAssignment.LoginUsingTest_testcase7"/>
</testsuite> <!-- SeleniumAssignment.LoginUsingTest_testcase7 -->
